<?xml version="1.0" encoding="UTF-8"?>
<testng-results ignored="0" total="2" passed="2" failed="0" skipped="0">
  <reporter-output>
  </reporter-output>
  <suite started-at="2025-10-11T21:20:51 CDT" name="Suite" finished-at="2025-10-11T21:20:56 CDT" duration-ms="4468">
    <groups>
    </groups>
    <test started-at="2025-10-11T21:20:51 CDT" name="Test" finished-at="2025-10-11T21:20:56 CDT" duration-ms="4468">
      <class name="api.test.userTests">
        <test-method is-config="true" signature="tc1()[pri:0, instance:api.test.userTests@245b4bdc]" started-at="2025-10-11T21:20:51 CDT" name="tc1" finished-at="2025-10-11T21:20:52 CDT" duration-ms="344" status="PASS">
          <reporter-output>
          </reporter-output>
        </test-method> <!-- tc1 -->
        <test-method signature="testPostUser()[pri:1, instance:api.test.userTests@245b4bdc]" started-at="2025-10-11T21:20:52 CDT" name="testPostUser" finished-at="2025-10-11T21:20:56 CDT" duration-ms="3715" status="PASS">
          <reporter-output>
          </reporter-output>
        </test-method> <!-- testPostUser -->
        <test-method signature="testGetUser()[pri:2, instance:api.test.userTests@245b4bdc]" started-at="2025-10-11T21:20:56 CDT" name="testGetUser" finished-at="2025-10-11T21:20:56 CDT" duration-ms="327" status="PASS">
          <reporter-output>
          </reporter-output>
        </test-method> <!-- testGetUser -->
      </class> <!-- api.test.userTests -->
    </test> <!-- Test -->
  </suite> <!-- Suite -->
</testng-results>
